build/app/intermediates/proguard-rules/release/aapt_rules.txt
# Referenced at merged_manifests/release/AndroidManifest.xml:20
-keep class androidx.core.app.CoreComponentFactory { <init>(); }
# Referenced at merged_manifests/release/AndroidManifest.xml:25
-keep class com.dmr.team.MainActivity { <init>(); }
# Referenced at merged_manifests/release/AndroidManifest.xml:20
-keep class io.flutter.app.FlutterApplication { <init>(); }
# Referenced at merged_manifests/release/AndroidManifest.xml:67
-keep class io.flutter.plugins.urllauncher.WebViewActivity { <init>(); }